<?xml version="1.0" encoding="UTF-8"?>
<!-- Generated by org.testng.reporters.JUnitReportReporter -->
<testsuite hostname="EFA-Macbook.attlocal.net" failures="0" tests="1" name="test.MonthDropdownTest" time="7.483" errors="0" timestamp="01 Jul 2022 23:35:19 GMT" skipped="0">
  <testcase classname="test.MonthDropdownTest" name="allMonthShouldBeInDropDown" time="7.483"/>
</testsuite> <!-- test.MonthDropdownTest -->
