<?xml version="1.0" encoding="UTF-8"?>
<!-- Generated by org.testng.reporters.JUnitReportReporter -->
<testsuite hostname="EFA-Macbook.attlocal.net" failures="0" tests="1" name="test.AddCatagoryTest" time="3.705" errors="0" timestamp="01 Jul 2022 23:39:35 GMT" skipped="0">
  <testcase classname="test.AddCatagoryTest" name="ShouldBeAbletoAddCategory" time="3.705"/>
</testsuite> <!-- test.AddCatagoryTest -->
