<?xml version="1.0" encoding="UTF-8"?>
<!-- Generated by org.testng.reporters.JUnitReportReporter -->
<testsuite hostname="EFA-Macbook.attlocal.net" failures="0" tests="1" name="test.DuplicateTest" time="4.942" errors="0" timestamp="01 Jul 2022 23:39:25 GMT" skipped="0">
  <testcase classname="test.DuplicateTest" name="userShouldNotBeAbleToAddDuplicateCategory" time="4.942"/>
</testsuite> <!-- test.DuplicateTest -->
